<?xml version="1.0" encoding="UTF-8"?>
<Site BuildName="Linux-g++"
	BuildStamp="20240717-1643-Experimental"
	Name="rog-zephyrus"
	Generator="ctest-3.28.3"
	CompilerName="/usr/bin/g++"
	CompilerVersion="13.2.0"
	OSName="Linux"
	Hostname="rog-zephyrus"
	OSRelease="6.8.0-38-generic"
	OSVersion="#38-Ubuntu SMP PREEMPT_DYNAMIC Fri Jun  7 15:25:01 UTC 2024"
	OSPlatform="x86_64"
	Is64Bits="1"
	VendorString="AuthenticAMD"
	VendorID="Advanced Micro Devices"
	FamilyID="25"
	ModelID="80"
	ProcessorCacheSize="512"
	NumberOfLogicalCPU="16"
	NumberOfPhysicalCPU="8"
	TotalVirtualMemory="3814"
	TotalPhysicalMemory="15389"
	LogicalProcessorsPerPhysical="2"
	ProcessorClockFrequency="4391.47"
	>
	<Testing>
		<StartDateTime>Jul 17 11:43 CDT</StartDateTime>
		<StartTestTime>1721234620</StartTestTime>
		<TestList/>
		<EndDateTime>Jul 17 11:43 CDT</EndDateTime>
		<EndTestTime>1721234620</EndTestTime>
		<ElapsedMinutes>0</ElapsedMinutes>
	</Testing>
</Site>
