<?xml version="1.0" encoding="UTF-8"?>
<Site BuildName="Linux-g++"
	BuildStamp="20240725-1604-Experimental"
	Name="rog-zephyrus"
	Generator="ctest-3.28.3"
	CompilerName="/usr/bin/g++"
	CompilerVersion="13.2.0"
	OSName="Linux"
	Hostname="rog-zephyrus"
	OSRelease="6.8.0-39-generic"
	OSVersion="#39-Ubuntu SMP PREEMPT_DYNAMIC Fri Jul  5 21:49:14 UTC 2024"
	OSPlatform="x86_64"
	Is64Bits="1"
	VendorString="AuthenticAMD"
	VendorID="Advanced Micro Devices"
	FamilyID="25"
	ModelID="80"
	ProcessorCacheSize="512"
	NumberOfLogicalCPU="16"
	NumberOfPhysicalCPU="8"
	TotalVirtualMemory="3814"
	TotalPhysicalMemory="15389"
	LogicalProcessorsPerPhysical="2"
	ProcessorClockFrequency="3413.02"
	>
	<Testing>
		<StartDateTime>Jul 25 11:04 CDT</StartDateTime>
		<StartTestTime>1721923456</StartTestTime>
		<TestList/>
		<EndDateTime>Jul 25 11:04 CDT</EndDateTime>
		<EndTestTime>1721923456</EndTestTime>
		<ElapsedMinutes>0</ElapsedMinutes>
	</Testing>
</Site>
